<?xml version="1.0" encoding="UTF-8"?>
<!-- Generated by org.testng.reporters.JUnitReportReporter -->
<testsuite hostname="DESKTOP-VRD76LS" failures="0" tests="2" name="WebAutomation" time="33.369" errors="0" timestamp="2022-09-27T08:52:14 EDT" skipped="0">
  <testcase classname="WebAutomation" name="validateThatTwoItemsAreAddedToTheCart" time="32.033"/>
  <system-out/>
  <testcase classname="WebAutomation" name="validateErrorMessage" time="1.336"/>
  <system-out/>
</testsuite> <!-- WebAutomation -->
