<?xml version="1.0" encoding="UTF-8"?>
<!-- Generated by org.testng.reporters.JUnitReportReporter -->
<testsuite hostname="DESKTOP-VRD76LS" failures="0" tests="2" name="API_Automation" time="2.973" errors="0" timestamp="2022-09-27T08:52:14 EDT" skipped="0">
  <testcase classname="API_Automation" name="validates_that_year_is_the_same_in_all_elements_of_the_data_array" time="2.948"/>
  <system-out/>
  <testcase classname="API_Automation" name="validates_that_each_state_name_is_unique_in_data_array" time="0.025"/>
  <system-out/>
</testsuite> <!-- API_Automation -->
